<?xml version="1.0" encoding="UTF-8"?>
<page>
	<content-type>/page/category-landing</content-type>
	<display-template>/templates/web/pages/category-landing.ftl</display-template>
	<no-template-required/>
	<merge-strategy>inherit-levels</merge-strategy>
	<objectGroupId>4008</objectGroupId>
	<objectId>40083386-78fa-483a-c774-d6c8b8225c7e</objectId>
	<max_articles_i>10</max_articles_i>
	<internal-name>Page as File</internal-name>
	<title_t>Page as File</title_t>
	<articles_title_t>Page as File</articles_title_t>
	<disabled>false</disabled>
	<placeInNav>false</placeInNav>
	<orderDefault_f>-1</orderDefault_f>
	<file-name>test-page-as-file.xml</file-name>
	<folder-name/>
	<category_s>health</category_s>
	<header_o item-list="true"/>
	<left_rail_o item-list="true"/>
	<createdDate>2022-09-21T20:40:03.056Z</createdDate>
	<createdDate_dt>2022-09-21T20:40:03.056Z</createdDate_dt>
	<lastModifiedDate>2022-09-21T20:40:03.056Z</lastModifiedDate>
	<lastModifiedDate_dt>2022-09-21T20:40:03.056Z</lastModifiedDate_dt>
</page>